
state 0
	$accept: .start $end 
	program: .    (2)

	IDENT  shift 29
	INTEGER  shift 19
	TRUE  shift 5
	FALSE  shift 6
	FLOAT  shift 8
	SYMBOL  shift 18
	STRING  shift 7
	KW_DO  shift 26
	KW_CASE  shift 28
	KW_IF  shift 32
	'{'  shift 31
	'('  shift 25
	'['  shift 30
	'!'  shift 17
	'+'  shift 16
	'-'  shift 15
	.  reduce 2 (src line 119)

	start  goto 1
	program  goto 2
	expression  goto 4
	applicable_expression  goto 11
	expression_lines  goto 3
	do_expression  goto 12
	ident  goto 20
	binary_expression  goto 9
	unary_expression  goto 10
	vector_literal  goto 21
	map_literal  goto 22
	function_application  goto 23
	key_access  goto 24
	if_expression  goto 13
	if_guard  goto 27
	case_expression  goto 14

state 1
	$accept:  start.$end 

	$end  accept
	.  error


state 2
	start:  program.    (1)

	.  reduce 1 (src line 114)


state 3
	program:  expression_lines.    (3)
	expression_lines:  expression_lines.expression END 

	IDENT  shift 29
	INTEGER  shift 19
	TRUE  shift 5
	FALSE  shift 6
	FLOAT  shift 8
	SYMBOL  shift 18
	STRING  shift 7
	KW_DO  shift 26
	KW_CASE  shift 28
	KW_IF  shift 32
	'{'  shift 31
	'('  shift 25
	'['  shift 30
	'!'  shift 17
	'+'  shift 16
	'-'  shift 15
	.  reduce 3 (src line 123)

	expression  goto 33
	applicable_expression  goto 11
	do_expression  goto 12
	ident  goto 20
	binary_expression  goto 9
	unary_expression  goto 10
	vector_literal  goto 21
	map_literal  goto 22
	function_application  goto 23
	key_access  goto 24
	if_expression  goto 13
	if_guard  goto 27
	case_expression  goto 14

state 4
	expression_lines:  expression.END 
	binary_expression:  expression.'+' expression 
	binary_expression:  expression.'-' expression 
	binary_expression:  expression.'*' expression 
	binary_expression:  expression.'/' expression 
	binary_expression:  expression.'=' expression 
	binary_expression:  expression.'>' expression 
	binary_expression:  expression.'<' expression 
	binary_expression:  expression.AND expression 
	binary_expression:  expression.OR expression 

	END  shift 34
	'='  shift 39
	'<'  shift 41
	'>'  shift 40
	AND  shift 42
	OR  shift 43
	'+'  shift 35
	'-'  shift 36
	'*'  shift 37
	'/'  shift 38
	.  error


state 5
	expression:  TRUE.    (4)

	.  reduce 4 (src line 125)


state 6
	expression:  FALSE.    (5)

	.  reduce 5 (src line 127)


state 7
	expression:  STRING.    (6)

	.  reduce 6 (src line 128)


state 8
	expression:  FLOAT.    (7)

	.  reduce 7 (src line 129)


state 9
	expression:  binary_expression.    (8)

	.  reduce 8 (src line 130)


state 10
	expression:  unary_expression.    (9)

	.  reduce 9 (src line 131)


state 11
	expression:  applicable_expression.    (10)
	function_application:  applicable_expression.'(' application_arguments ')' 
	key_access:  applicable_expression.'.' IDENT 
	key_access:  applicable_expression.'[' expression ']' 

	'('  shift 44
	'['  shift 46
	'.'  shift 45
	.  reduce 10 (src line 132)


state 12
	expression:  do_expression.    (11)

	.  reduce 11 (src line 133)


state 13
	expression:  if_expression.    (12)

	.  reduce 12 (src line 134)


state 14
	expression:  case_expression.    (13)

	.  reduce 13 (src line 135)


state 15
	unary_expression:  '-'.expression 

	IDENT  shift 29
	INTEGER  shift 19
	TRUE  shift 5
	FALSE  shift 6
	FLOAT  shift 8
	SYMBOL  shift 18
	STRING  shift 7
	KW_DO  shift 26
	KW_CASE  shift 28
	KW_IF  shift 32
	'{'  shift 31
	'('  shift 25
	'['  shift 30
	'!'  shift 17
	'+'  shift 16
	'-'  shift 15
	.  error

	expression  goto 47
	applicable_expression  goto 11
	do_expression  goto 12
	ident  goto 20
	binary_expression  goto 9
	unary_expression  goto 10
	vector_literal  goto 21
	map_literal  goto 22
	function_application  goto 23
	key_access  goto 24
	if_expression  goto 13
	if_guard  goto 27
	case_expression  goto 14

state 16
	unary_expression:  '+'.expression 

	IDENT  shift 29
	INTEGER  shift 19
	TRUE  shift 5
	FALSE  shift 6
	FLOAT  shift 8
	SYMBOL  shift 18
	STRING  shift 7
	KW_DO  shift 26
	KW_CASE  shift 28
	KW_IF  shift 32
	'{'  shift 31
	'('  shift 25
	'['  shift 30
	'!'  shift 17
	'+'  shift 16
	'-'  shift 15
	.  error

	expression  goto 48
	applicable_expression  goto 11
	do_expression  goto 12
	ident  goto 20
	binary_expression  goto 9
	unary_expression  goto 10
	vector_literal  goto 21
	map_literal  goto 22
	function_application  goto 23
	key_access  goto 24
	if_expression  goto 13
	if_guard  goto 27
	case_expression  goto 14

state 17
	unary_expression:  '!'.expression 

	IDENT  shift 29
	INTEGER  shift 19
	TRUE  shift 5
	FALSE  shift 6
	FLOAT  shift 8
	SYMBOL  shift 18
	STRING  shift 7
	KW_DO  shift 26
	KW_CASE  shift 28
	KW_IF  shift 32
	'{'  shift 31
	'('  shift 25
	'['  shift 30
	'!'  shift 17
	'+'  shift 16
	'-'  shift 15
	.  error

	expression  goto 49
	applicable_expression  goto 11
	do_expression  goto 12
	ident  goto 20
	binary_expression  goto 9
	unary_expression  goto 10
	vector_literal  goto 21
	map_literal  goto 22
	function_application  goto 23
	key_access  goto 24
	if_expression  goto 13
	if_guard  goto 27
	case_expression  goto 14

state 18
	applicable_expression:  SYMBOL.    (14)

	.  reduce 14 (src line 137)


state 19
	applicable_expression:  INTEGER.    (15)

	.  reduce 15 (src line 139)


state 20
	applicable_expression:  ident.    (16)

	.  reduce 16 (src line 140)


state 21
	applicable_expression:  vector_literal.    (17)

	.  reduce 17 (src line 141)


state 22
	applicable_expression:  map_literal.    (18)

	.  reduce 18 (src line 142)


state 23
	applicable_expression:  function_application.    (19)

	.  reduce 19 (src line 143)


state 24
	applicable_expression:  key_access.    (20)

	.  reduce 20 (src line 144)


state 25
	applicable_expression:  '('.expression ')' 
	ident:  '('.'+' ')' 
	ident:  '('.'-' ')' 
	ident:  '('.'*' ')' 
	ident:  '('.'/' ')' 
	ident:  '('.'>' ')' 
	ident:  '('.'<' ')' 
	ident:  '('.'!' ')' 

	IDENT  shift 29
	INTEGER  shift 19
	TRUE  shift 5
	FALSE  shift 6
	FLOAT  shift 8
	SYMBOL  shift 18
	STRING  shift 7
	KW_DO  shift 26
	KW_CASE  shift 28
	KW_IF  shift 32
	'{'  shift 31
	'('  shift 25
	'['  shift 30
	'<'  shift 56
	'>'  shift 55
	'!'  shift 57
	'+'  shift 51
	'-'  shift 52
	'*'  shift 53
	'/'  shift 54
	.  error

	expression  goto 50
	applicable_expression  goto 11
	do_expression  goto 12
	ident  goto 20
	binary_expression  goto 9
	unary_expression  goto 10
	vector_literal  goto 21
	map_literal  goto 22
	function_application  goto 23
	key_access  goto 24
	if_expression  goto 13
	if_guard  goto 27
	case_expression  goto 14

state 26
	do_expression:  KW_DO.expression_lines END 

	IDENT  shift 29
	INTEGER  shift 19
	TRUE  shift 5
	FALSE  shift 6
	FLOAT  shift 8
	SYMBOL  shift 18
	STRING  shift 7
	KW_DO  shift 26
	KW_CASE  shift 28
	KW_IF  shift 32
	'{'  shift 31
	'('  shift 25
	'['  shift 30
	'!'  shift 17
	'+'  shift 16
	'-'  shift 15
	.  error

	expression  goto 4
	applicable_expression  goto 11
	expression_lines  goto 58
	do_expression  goto 12
	ident  goto 20
	binary_expression  goto 9
	unary_expression  goto 10
	vector_literal  goto 21
	map_literal  goto 22
	function_application  goto 23
	key_access  goto 24
	if_expression  goto 13
	if_guard  goto 27
	case_expression  goto 14

state 27
	if_expression:  if_guard.then_condition 
	if_expression:  if_guard.then_condition else_condition 

	KW_THEN  shift 60
	.  error

	then_condition  goto 59

state 28
	case_expression:  KW_CASE.expression KW_OF case_lines END 

	IDENT  shift 29
	INTEGER  shift 19
	TRUE  shift 5
	FALSE  shift 6
	FLOAT  shift 8
	SYMBOL  shift 18
	STRING  shift 7
	KW_DO  shift 26
	KW_CASE  shift 28
	KW_IF  shift 32
	'{'  shift 31
	'('  shift 25
	'['  shift 30
	'!'  shift 17
	'+'  shift 16
	'-'  shift 15
	.  error

	expression  goto 61
	applicable_expression  goto 11
	do_expression  goto 12
	ident  goto 20
	binary_expression  goto 9
	unary_expression  goto 10
	vector_literal  goto 21
	map_literal  goto 22
	function_application  goto 23
	key_access  goto 24
	if_expression  goto 13
	if_guard  goto 27
	case_expression  goto 14

state 29
	ident:  IDENT.    (22)

	.  reduce 22 (src line 147)


state 30
	vector_literal:  '['.']' 
	vector_literal:  '['.arguments ']' 

	IDENT  shift 29
	INTEGER  shift 19
	TRUE  shift 5
	FALSE  shift 6
	FLOAT  shift 8
	SYMBOL  shift 18
	STRING  shift 7
	KW_DO  shift 26
	KW_CASE  shift 28
	KW_IF  shift 32
	'{'  shift 31
	'('  shift 25
	'['  shift 30
	']'  shift 62
	'!'  shift 17
	'+'  shift 16
	'-'  shift 15
	'*'  shift 67
	.  error

	expression  goto 65
	applicable_expression  goto 11
	do_expression  goto 12
	ident  goto 20
	binary_expression  goto 9
	unary_expression  goto 10
	argument  goto 64
	splat_argument  goto 66
	arguments  goto 63
	vector_literal  goto 21
	map_literal  goto 22
	function_application  goto 23
	key_access  goto 24
	if_expression  goto 13
	if_guard  goto 27
	case_expression  goto 14

state 31
	map_literal:  '{'.'}' 
	map_literal:  '{'.associative_arguments '}' 

	IDENT  shift 29
	INTEGER  shift 19
	TRUE  shift 5
	FALSE  shift 6
	FLOAT  shift 8
	SYMBOL  shift 18
	STRING  shift 7
	KW_DO  shift 26
	KW_CASE  shift 28
	KW_IF  shift 32
	'{'  shift 31
	'}'  shift 68
	'('  shift 25
	'['  shift 30
	'.'  shift 73
	'!'  shift 17
	'+'  shift 16
	'-'  shift 15
	'*'  shift 67
	.  error

	expression  goto 72
	applicable_expression  goto 11
	do_expression  goto 12
	ident  goto 20
	binary_expression  goto 9
	unary_expression  goto 10
	splat_argument  goto 71
	associative_arguments  goto 69
	pair  goto 70
	vector_literal  goto 21
	map_literal  goto 22
	function_application  goto 23
	key_access  goto 24
	if_expression  goto 13
	if_guard  goto 27
	case_expression  goto 14

state 32
	if_guard:  KW_IF.expression 

	IDENT  shift 29
	INTEGER  shift 19
	TRUE  shift 5
	FALSE  shift 6
	FLOAT  shift 8
	SYMBOL  shift 18
	STRING  shift 7
	KW_DO  shift 26
	KW_CASE  shift 28
	KW_IF  shift 32
	'{'  shift 31
	'('  shift 25
	'['  shift 30
	'!'  shift 17
	'+'  shift 16
	'-'  shift 15
	.  error

	expression  goto 74
	applicable_expression  goto 11
	do_expression  goto 12
	ident  goto 20
	binary_expression  goto 9
	unary_expression  goto 10
	vector_literal  goto 21
	map_literal  goto 22
	function_application  goto 23
	key_access  goto 24
	if_expression  goto 13
	if_guard  goto 27
	case_expression  goto 14

state 33
	expression_lines:  expression_lines expression.END 
	binary_expression:  expression.'+' expression 
	binary_expression:  expression.'-' expression 
	binary_expression:  expression.'*' expression 
	binary_expression:  expression.'/' expression 
	binary_expression:  expression.'=' expression 
	binary_expression:  expression.'>' expression 
	binary_expression:  expression.'<' expression 
	binary_expression:  expression.AND expression 
	binary_expression:  expression.OR expression 

	END  shift 75
	'='  shift 39
	'<'  shift 41
	'>'  shift 40
	AND  shift 42
	OR  shift 43
	'+'  shift 35
	'-'  shift 36
	'*'  shift 37
	'/'  shift 38
	.  error


state 34
	expression_lines:  expression END.    (30)

	.  reduce 30 (src line 157)


state 35
	binary_expression:  expression '+'.expression 

	IDENT  shift 29
	INTEGER  shift 19
	TRUE  shift 5
	FALSE  shift 6
	FLOAT  shift 8
	SYMBOL  shift 18
	STRING  shift 7
	KW_DO  shift 26
	KW_CASE  shift 28
	KW_IF  shift 32
	'{'  shift 31
	'('  shift 25
	'['  shift 30
	'!'  shift 17
	'+'  shift 16
	'-'  shift 15
	.  error

	expression  goto 76
	applicable_expression  goto 11
	do_expression  goto 12
	ident  goto 20
	binary_expression  goto 9
	unary_expression  goto 10
	vector_literal  goto 21
	map_literal  goto 22
	function_application  goto 23
	key_access  goto 24
	if_expression  goto 13
	if_guard  goto 27
	case_expression  goto 14

state 36
	binary_expression:  expression '-'.expression 

	IDENT  shift 29
	INTEGER  shift 19
	TRUE  shift 5
	FALSE  shift 6
	FLOAT  shift 8
	SYMBOL  shift 18
	STRING  shift 7
	KW_DO  shift 26
	KW_CASE  shift 28
	KW_IF  shift 32
	'{'  shift 31
	'('  shift 25
	'['  shift 30
	'!'  shift 17
	'+'  shift 16
	'-'  shift 15
	.  error

	expression  goto 77
	applicable_expression  goto 11
	do_expression  goto 12
	ident  goto 20
	binary_expression  goto 9
	unary_expression  goto 10
	vector_literal  goto 21
	map_literal  goto 22
	function_application  goto 23
	key_access  goto 24
	if_expression  goto 13
	if_guard  goto 27
	case_expression  goto 14

state 37
	binary_expression:  expression '*'.expression 

	IDENT  shift 29
	INTEGER  shift 19
	TRUE  shift 5
	FALSE  shift 6
	FLOAT  shift 8
	SYMBOL  shift 18
	STRING  shift 7
	KW_DO  shift 26
	KW_CASE  shift 28
	KW_IF  shift 32
	'{'  shift 31
	'('  shift 25
	'['  shift 30
	'!'  shift 17
	'+'  shift 16
	'-'  shift 15
	.  error

	expression  goto 78
	applicable_expression  goto 11
	do_expression  goto 12
	ident  goto 20
	binary_expression  goto 9
	unary_expression  goto 10
	vector_literal  goto 21
	map_literal  goto 22
	function_application  goto 23
	key_access  goto 24
	if_expression  goto 13
	if_guard  goto 27
	case_expression  goto 14

state 38
	binary_expression:  expression '/'.expression 

	IDENT  shift 29
	INTEGER  shift 19
	TRUE  shift 5
	FALSE  shift 6
	FLOAT  shift 8
	SYMBOL  shift 18
	STRING  shift 7
	KW_DO  shift 26
	KW_CASE  shift 28
	KW_IF  shift 32
	'{'  shift 31
	'('  shift 25
	'['  shift 30
	'!'  shift 17
	'+'  shift 16
	'-'  shift 15
	.  error

	expression  goto 79
	applicable_expression  goto 11
	do_expression  goto 12
	ident  goto 20
	binary_expression  goto 9
	unary_expression  goto 10
	vector_literal  goto 21
	map_literal  goto 22
	function_application  goto 23
	key_access  goto 24
	if_expression  goto 13
	if_guard  goto 27
	case_expression  goto 14

state 39
	binary_expression:  expression '='.expression 

	IDENT  shift 29
	INTEGER  shift 19
	TRUE  shift 5
	FALSE  shift 6
	FLOAT  shift 8
	SYMBOL  shift 18
	STRING  shift 7
	KW_DO  shift 26
	KW_CASE  shift 28
	KW_IF  shift 32
	'{'  shift 31
	'('  shift 25
	'['  shift 30
	'!'  shift 17
	'+'  shift 16
	'-'  shift 15
	.  error

	expression  goto 80
	applicable_expression  goto 11
	do_expression  goto 12
	ident  goto 20
	binary_expression  goto 9
	unary_expression  goto 10
	vector_literal  goto 21
	map_literal  goto 22
	function_application  goto 23
	key_access  goto 24
	if_expression  goto 13
	if_guard  goto 27
	case_expression  goto 14

state 40
	binary_expression:  expression '>'.expression 

	IDENT  shift 29
	INTEGER  shift 19
	TRUE  shift 5
	FALSE  shift 6
	FLOAT  shift 8
	SYMBOL  shift 18
	STRING  shift 7
	KW_DO  shift 26
	KW_CASE  shift 28
	KW_IF  shift 32
	'{'  shift 31
	'('  shift 25
	'['  shift 30
	'!'  shift 17
	'+'  shift 16
	'-'  shift 15
	.  error

	expression  goto 81
	applicable_expression  goto 11
	do_expression  goto 12
	ident  goto 20
	binary_expression  goto 9
	unary_expression  goto 10
	vector_literal  goto 21
	map_literal  goto 22
	function_application  goto 23
	key_access  goto 24
	if_expression  goto 13
	if_guard  goto 27
	case_expression  goto 14

state 41
	binary_expression:  expression '<'.expression 

	IDENT  shift 29
	INTEGER  shift 19
	TRUE  shift 5
	FALSE  shift 6
	FLOAT  shift 8
	SYMBOL  shift 18
	STRING  shift 7
	KW_DO  shift 26
	KW_CASE  shift 28
	KW_IF  shift 32
	'{'  shift 31
	'('  shift 25
	'['  shift 30
	'!'  shift 17
	'+'  shift 16
	'-'  shift 15
	.  error

	expression  goto 82
	applicable_expression  goto 11
	do_expression  goto 12
	ident  goto 20
	binary_expression  goto 9
	unary_expression  goto 10
	vector_literal  goto 21
	map_literal  goto 22
	function_application  goto 23
	key_access  goto 24
	if_expression  goto 13
	if_guard  goto 27
	case_expression  goto 14

state 42
	binary_expression:  expression AND.expression 

	IDENT  shift 29
	INTEGER  shift 19
	TRUE  shift 5
	FALSE  shift 6
	FLOAT  shift 8
	SYMBOL  shift 18
	STRING  shift 7
	KW_DO  shift 26
	KW_CASE  shift 28
	KW_IF  shift 32
	'{'  shift 31
	'('  shift 25
	'['  shift 30
	'!'  shift 17
	'+'  shift 16
	'-'  shift 15
	.  error

	expression  goto 83
	applicable_expression  goto 11
	do_expression  goto 12
	ident  goto 20
	binary_expression  goto 9
	unary_expression  goto 10
	vector_literal  goto 21
	map_literal  goto 22
	function_application  goto 23
	key_access  goto 24
	if_expression  goto 13
	if_guard  goto 27
	case_expression  goto 14

state 43
	binary_expression:  expression OR.expression 

	IDENT  shift 29
	INTEGER  shift 19
	TRUE  shift 5
	FALSE  shift 6
	FLOAT  shift 8
	SYMBOL  shift 18
	STRING  shift 7
	KW_DO  shift 26
	KW_CASE  shift 28
	KW_IF  shift 32
	'{'  shift 31
	'('  shift 25
	'['  shift 30
	'!'  shift 17
	'+'  shift 16
	'-'  shift 15
	.  error

	expression  goto 84
	applicable_expression  goto 11
	do_expression  goto 12
	ident  goto 20
	binary_expression  goto 9
	unary_expression  goto 10
	vector_literal  goto 21
	map_literal  goto 22
	function_application  goto 23
	key_access  goto 24
	if_expression  goto 13
	if_guard  goto 27
	case_expression  goto 14

state 44
	function_application:  applicable_expression '('.application_arguments ')' 
	application_arguments: .    (62)

	IDENT  shift 29
	INTEGER  shift 19
	TRUE  shift 5
	FALSE  shift 6
	FLOAT  shift 8
	SYMBOL  shift 18
	STRING  shift 7
	KW_DO  shift 26
	KW_CASE  shift 28
	KW_IF  shift 32
	'{'  shift 31
	'('  shift 25
	'['  shift 30
	'!'  shift 17
	'+'  shift 16
	'-'  shift 15
	'*'  shift 67
	.  reduce 62 (src line 305)

	expression  goto 65
	applicable_expression  goto 11
	do_expression  goto 12
	ident  goto 20
	binary_expression  goto 9
	unary_expression  goto 10
	argument  goto 64
	splat_argument  goto 66
	arguments  goto 86
	application_arguments  goto 85
	vector_literal  goto 21
	map_literal  goto 22
	function_application  goto 23
	key_access  goto 24
	if_expression  goto 13
	if_guard  goto 27
	case_expression  goto 14

state 45
	key_access:  applicable_expression '.'.IDENT 

	IDENT  shift 87
	.  error


state 46
	key_access:  applicable_expression '['.expression ']' 

	IDENT  shift 29
	INTEGER  shift 19
	TRUE  shift 5
	FALSE  shift 6
	FLOAT  shift 8
	SYMBOL  shift 18
	STRING  shift 7
	KW_DO  shift 26
	KW_CASE  shift 28
	KW_IF  shift 32
	'{'  shift 31
	'('  shift 25
	'['  shift 30
	'!'  shift 17
	'+'  shift 16
	'-'  shift 15
	.  error

	expression  goto 88
	applicable_expression  goto 11
	do_expression  goto 12
	ident  goto 20
	binary_expression  goto 9
	unary_expression  goto 10
	vector_literal  goto 21
	map_literal  goto 22
	function_application  goto 23
	key_access  goto 24
	if_expression  goto 13
	if_guard  goto 27
	case_expression  goto 14

state 47
	binary_expression:  expression.'+' expression 
	binary_expression:  expression.'-' expression 
	binary_expression:  expression.'*' expression 
	binary_expression:  expression.'/' expression 
	binary_expression:  expression.'=' expression 
	binary_expression:  expression.'>' expression 
	binary_expression:  expression.'<' expression 
	binary_expression:  expression.AND expression 
	binary_expression:  expression.OR expression 
	unary_expression:  '-' expression.    (42)

	.  reduce 42 (src line 209)


state 48
	binary_expression:  expression.'+' expression 
	binary_expression:  expression.'-' expression 
	binary_expression:  expression.'*' expression 
	binary_expression:  expression.'/' expression 
	binary_expression:  expression.'=' expression 
	binary_expression:  expression.'>' expression 
	binary_expression:  expression.'<' expression 
	binary_expression:  expression.AND expression 
	binary_expression:  expression.OR expression 
	unary_expression:  '+' expression.    (43)

	.  reduce 43 (src line 213)


state 49
	binary_expression:  expression.'+' expression 
	binary_expression:  expression.'-' expression 
	binary_expression:  expression.'*' expression 
	binary_expression:  expression.'/' expression 
	binary_expression:  expression.'=' expression 
	binary_expression:  expression.'>' expression 
	binary_expression:  expression.'<' expression 
	binary_expression:  expression.AND expression 
	binary_expression:  expression.OR expression 
	unary_expression:  '!' expression.    (44)

	.  reduce 44 (src line 216)


state 50
	applicable_expression:  '(' expression.')' 
	binary_expression:  expression.'+' expression 
	binary_expression:  expression.'-' expression 
	binary_expression:  expression.'*' expression 
	binary_expression:  expression.'/' expression 
	binary_expression:  expression.'=' expression 
	binary_expression:  expression.'>' expression 
	binary_expression:  expression.'<' expression 
	binary_expression:  expression.AND expression 
	binary_expression:  expression.OR expression 

	')'  shift 89
	'='  shift 39
	'<'  shift 41
	'>'  shift 40
	AND  shift 42
	OR  shift 43
	'+'  shift 35
	'-'  shift 36
	'*'  shift 37
	'/'  shift 38
	.  error


state 51
	ident:  '(' '+'.')' 
	unary_expression:  '+'.expression 

	IDENT  shift 29
	INTEGER  shift 19
	TRUE  shift 5
	FALSE  shift 6
	FLOAT  shift 8
	SYMBOL  shift 18
	STRING  shift 7
	KW_DO  shift 26
	KW_CASE  shift 28
	KW_IF  shift 32
	'{'  shift 31
	'('  shift 25
	')'  shift 90
	'['  shift 30
	'!'  shift 17
	'+'  shift 16
	'-'  shift 15
	.  error

	expression  goto 48
	applicable_expression  goto 11
	do_expression  goto 12
	ident  goto 20
	binary_expression  goto 9
	unary_expression  goto 10
	vector_literal  goto 21
	map_literal  goto 22
	function_application  goto 23
	key_access  goto 24
	if_expression  goto 13
	if_guard  goto 27
	case_expression  goto 14

state 52
	ident:  '(' '-'.')' 
	unary_expression:  '-'.expression 

	IDENT  shift 29
	INTEGER  shift 19
	TRUE  shift 5
	FALSE  shift 6
	FLOAT  shift 8
	SYMBOL  shift 18
	STRING  shift 7
	KW_DO  shift 26
	KW_CASE  shift 28
	KW_IF  shift 32
	'{'  shift 31
	'('  shift 25
	')'  shift 91
	'['  shift 30
	'!'  shift 17
	'+'  shift 16
	'-'  shift 15
	.  error

	expression  goto 47
	applicable_expression  goto 11
	do_expression  goto 12
	ident  goto 20
	binary_expression  goto 9
	unary_expression  goto 10
	vector_literal  goto 21
	map_literal  goto 22
	function_application  goto 23
	key_access  goto 24
	if_expression  goto 13
	if_guard  goto 27
	case_expression  goto 14

state 53
	ident:  '(' '*'.')' 

	')'  shift 92
	.  error


state 54
	ident:  '(' '/'.')' 

	')'  shift 93
	.  error


state 55
	ident:  '(' '>'.')' 

	')'  shift 94
	.  error


state 56
	ident:  '(' '<'.')' 

	')'  shift 95
	.  error


state 57
	ident:  '(' '!'.')' 
	unary_expression:  '!'.expression 

	IDENT  shift 29
	INTEGER  shift 19
	TRUE  shift 5
	FALSE  shift 6
	FLOAT  shift 8
	SYMBOL  shift 18
	STRING  shift 7
	KW_DO  shift 26
	KW_CASE  shift 28
	KW_IF  shift 32
	'{'  shift 31
	'('  shift 25
	')'  shift 96
	'['  shift 30
	'!'  shift 17
	'+'  shift 16
	'-'  shift 15
	.  error

	expression  goto 49
	applicable_expression  goto 11
	do_expression  goto 12
	ident  goto 20
	binary_expression  goto 9
	unary_expression  goto 10
	vector_literal  goto 21
	map_literal  goto 22
	function_application  goto 23
	key_access  goto 24
	if_expression  goto 13
	if_guard  goto 27
	case_expression  goto 14

state 58
	expression_lines:  expression_lines.expression END 
	do_expression:  KW_DO expression_lines.END 

	END  shift 97
	IDENT  shift 29
	INTEGER  shift 19
	TRUE  shift 5
	FALSE  shift 6
	FLOAT  shift 8
	SYMBOL  shift 18
	STRING  shift 7
	KW_DO  shift 26
	KW_CASE  shift 28
	KW_IF  shift 32
	'{'  shift 31
	'('  shift 25
	'['  shift 30
	'!'  shift 17
	'+'  shift 16
	'-'  shift 15
	.  error

	expression  goto 33
	applicable_expression  goto 11
	do_expression  goto 12
	ident  goto 20
	binary_expression  goto 9
	unary_expression  goto 10
	vector_literal  goto 21
	map_literal  goto 22
	function_application  goto 23
	key_access  goto 24
	if_expression  goto 13
	if_guard  goto 27
	case_expression  goto 14

state 59
	if_expression:  if_guard then_condition.    (65)
	if_expression:  if_guard then_condition.else_condition 

	KW_ELSE  shift 99
	.  reduce 65 (src line 328)

	else_condition  goto 98

state 60
	then_condition:  KW_THEN.expression 

	IDENT  shift 29
	INTEGER  shift 19
	TRUE  shift 5
	FALSE  shift 6
	FLOAT  shift 8
	SYMBOL  shift 18
	STRING  shift 7
	KW_DO  shift 26
	KW_CASE  shift 28
	KW_IF  shift 32
	'{'  shift 31
	'('  shift 25
	'['  shift 30
	'!'  shift 17
	'+'  shift 16
	'-'  shift 15
	.  error

	expression  goto 100
	applicable_expression  goto 11
	do_expression  goto 12
	ident  goto 20
	binary_expression  goto 9
	unary_expression  goto 10
	vector_literal  goto 21
	map_literal  goto 22
	function_application  goto 23
	key_access  goto 24
	if_expression  goto 13
	if_guard  goto 27
	case_expression  goto 14

state 61
	binary_expression:  expression.'+' expression 
	binary_expression:  expression.'-' expression 
	binary_expression:  expression.'*' expression 
	binary_expression:  expression.'/' expression 
	binary_expression:  expression.'=' expression 
	binary_expression:  expression.'>' expression 
	binary_expression:  expression.'<' expression 
	binary_expression:  expression.AND expression 
	binary_expression:  expression.OR expression 
	case_expression:  KW_CASE expression.KW_OF case_lines END 

	KW_OF  shift 101
	'='  shift 39
	'<'  shift 41
	'>'  shift 40
	AND  shift 42
	OR  shift 43
	'+'  shift 35
	'-'  shift 36
	'*'  shift 37
	'/'  shift 38
	.  error


state 62
	vector_literal:  '[' ']'.    (51)

	.  reduce 51 (src line 250)


state 63
	arguments:  arguments.',' argument 
	vector_literal:  '[' arguments.']' 

	']'  shift 103
	','  shift 102
	.  error


state 64
	arguments:  argument.    (47)

	.  reduce 47 (src line 229)


state 65
	binary_expression:  expression.'+' expression 
	binary_expression:  expression.'-' expression 
	binary_expression:  expression.'*' expression 
	binary_expression:  expression.'/' expression 
	binary_expression:  expression.'=' expression 
	binary_expression:  expression.'>' expression 
	binary_expression:  expression.'<' expression 
	binary_expression:  expression.AND expression 
	binary_expression:  expression.OR expression 
	argument:  expression.    (45)

	'='  shift 39
	'<'  shift 41
	'>'  shift 40
	AND  shift 42
	OR  shift 43
	'+'  shift 35
	'-'  shift 36
	'*'  shift 37
	'/'  shift 38
	.  reduce 45 (src line 225)


state 66
	argument:  splat_argument.    (46)

	.  reduce 46 (src line 227)


state 67
	splat_argument:  '*'.    (49)
	splat_argument:  '*'.expression 

	IDENT  shift 29
	INTEGER  shift 19
	TRUE  shift 5
	FALSE  shift 6
	FLOAT  shift 8
	SYMBOL  shift 18
	STRING  shift 7
	KW_DO  shift 26
	KW_CASE  shift 28
	KW_IF  shift 32
	'{'  shift 31
	'('  shift 25
	'['  shift 30
	'!'  shift 17
	'+'  shift 16
	'-'  shift 15
	.  reduce 49 (src line 237)

	expression  goto 104
	applicable_expression  goto 11
	do_expression  goto 12
	ident  goto 20
	binary_expression  goto 9
	unary_expression  goto 10
	vector_literal  goto 21
	map_literal  goto 22
	function_application  goto 23
	key_access  goto 24
	if_expression  goto 13
	if_guard  goto 27
	case_expression  goto 14

state 68
	map_literal:  '{' '}'.    (53)

	.  reduce 53 (src line 263)


state 69
	map_literal:  '{' associative_arguments.'}' 
	associative_arguments:  associative_arguments.',' pair 

	'}'  shift 105
	','  shift 106
	.  error


state 70
	associative_arguments:  pair.    (58)

	.  reduce 58 (src line 285)


state 71
	pair:  splat_argument.    (55)

	.  reduce 55 (src line 271)


state 72
	binary_expression:  expression.'+' expression 
	binary_expression:  expression.'-' expression 
	binary_expression:  expression.'*' expression 
	binary_expression:  expression.'/' expression 
	binary_expression:  expression.'=' expression 
	binary_expression:  expression.'>' expression 
	binary_expression:  expression.'<' expression 
	binary_expression:  expression.AND expression 
	binary_expression:  expression.OR expression 
	pair:  expression.DOUBLE_ARROW expression 

	'='  shift 39
	DOUBLE_ARROW  shift 107
	'<'  shift 41
	'>'  shift 40
	AND  shift 42
	OR  shift 43
	'+'  shift 35
	'-'  shift 36
	'*'  shift 37
	'/'  shift 38
	.  error


state 73
	pair:  '.'.IDENT 

	IDENT  shift 108
	.  error


state 74
	binary_expression:  expression.'+' expression 
	binary_expression:  expression.'-' expression 
	binary_expression:  expression.'*' expression 
	binary_expression:  expression.'/' expression 
	binary_expression:  expression.'=' expression 
	binary_expression:  expression.'>' expression 
	binary_expression:  expression.'<' expression 
	binary_expression:  expression.AND expression 
	binary_expression:  expression.OR expression 
	if_guard:  KW_IF expression.    (67)

	'='  shift 39
	'<'  shift 41
	'>'  shift 40
	AND  shift 42
	OR  shift 43
	'+'  shift 35
	'-'  shift 36
	'*'  shift 37
	'/'  shift 38
	.  reduce 67 (src line 336)


state 75
	expression_lines:  expression_lines expression END.    (31)

	.  reduce 31 (src line 161)


state 76
	binary_expression:  expression.'+' expression 
	binary_expression:  expression '+' expression.    (33)
	binary_expression:  expression.'-' expression 
	binary_expression:  expression.'*' expression 
	binary_expression:  expression.'/' expression 
	binary_expression:  expression.'=' expression 
	binary_expression:  expression.'>' expression 
	binary_expression:  expression.'<' expression 
	binary_expression:  expression.AND expression 
	binary_expression:  expression.OR expression 

	'*'  shift 37
	'/'  shift 38
	.  reduce 33 (src line 180)


state 77
	binary_expression:  expression.'+' expression 
	binary_expression:  expression.'-' expression 
	binary_expression:  expression '-' expression.    (34)
	binary_expression:  expression.'*' expression 
	binary_expression:  expression.'/' expression 
	binary_expression:  expression.'=' expression 
	binary_expression:  expression.'>' expression 
	binary_expression:  expression.'<' expression 
	binary_expression:  expression.AND expression 
	binary_expression:  expression.OR expression 

	'*'  shift 37
	'/'  shift 38
	.  reduce 34 (src line 184)


state 78
	binary_expression:  expression.'+' expression 
	binary_expression:  expression.'-' expression 
	binary_expression:  expression.'*' expression 
	binary_expression:  expression '*' expression.    (35)
	binary_expression:  expression.'/' expression 
	binary_expression:  expression.'=' expression 
	binary_expression:  expression.'>' expression 
	binary_expression:  expression.'<' expression 
	binary_expression:  expression.AND expression 
	binary_expression:  expression.OR expression 

	.  reduce 35 (src line 187)


state 79
	binary_expression:  expression.'+' expression 
	binary_expression:  expression.'-' expression 
	binary_expression:  expression.'*' expression 
	binary_expression:  expression.'/' expression 
	binary_expression:  expression '/' expression.    (36)
	binary_expression:  expression.'=' expression 
	binary_expression:  expression.'>' expression 
	binary_expression:  expression.'<' expression 
	binary_expression:  expression.AND expression 
	binary_expression:  expression.OR expression 

	.  reduce 36 (src line 190)


state 80
	binary_expression:  expression.'+' expression 
	binary_expression:  expression.'-' expression 
	binary_expression:  expression.'*' expression 
	binary_expression:  expression.'/' expression 
	binary_expression:  expression.'=' expression 
	binary_expression:  expression '=' expression.    (37)
	binary_expression:  expression.'>' expression 
	binary_expression:  expression.'<' expression 
	binary_expression:  expression.AND expression 
	binary_expression:  expression.OR expression 

	'='  shift 39
	'<'  shift 41
	'>'  shift 40
	AND  shift 42
	OR  shift 43
	'+'  shift 35
	'-'  shift 36
	'*'  shift 37
	'/'  shift 38
	.  reduce 37 (src line 193)


state 81
	binary_expression:  expression.'+' expression 
	binary_expression:  expression.'-' expression 
	binary_expression:  expression.'*' expression 
	binary_expression:  expression.'/' expression 
	binary_expression:  expression.'=' expression 
	binary_expression:  expression.'>' expression 
	binary_expression:  expression '>' expression.    (38)
	binary_expression:  expression.'<' expression 
	binary_expression:  expression.AND expression 
	binary_expression:  expression.OR expression 

	'<'  shift 41
	'>'  shift 40
	AND  shift 42
	OR  shift 43
	'+'  shift 35
	'-'  shift 36
	'*'  shift 37
	'/'  shift 38
	.  reduce 38 (src line 196)


state 82
	binary_expression:  expression.'+' expression 
	binary_expression:  expression.'-' expression 
	binary_expression:  expression.'*' expression 
	binary_expression:  expression.'/' expression 
	binary_expression:  expression.'=' expression 
	binary_expression:  expression.'>' expression 
	binary_expression:  expression.'<' expression 
	binary_expression:  expression '<' expression.    (39)
	binary_expression:  expression.AND expression 
	binary_expression:  expression.OR expression 

	'<'  shift 41
	'>'  shift 40
	AND  shift 42
	OR  shift 43
	'+'  shift 35
	'-'  shift 36
	'*'  shift 37
	'/'  shift 38
	.  reduce 39 (src line 199)


state 83
	binary_expression:  expression.'+' expression 
	binary_expression:  expression.'-' expression 
	binary_expression:  expression.'*' expression 
	binary_expression:  expression.'/' expression 
	binary_expression:  expression.'=' expression 
	binary_expression:  expression.'>' expression 
	binary_expression:  expression.'<' expression 
	binary_expression:  expression.AND expression 
	binary_expression:  expression AND expression.    (40)
	binary_expression:  expression.OR expression 

	'+'  shift 35
	'-'  shift 36
	'*'  shift 37
	'/'  shift 38
	.  reduce 40 (src line 202)


state 84
	binary_expression:  expression.'+' expression 
	binary_expression:  expression.'-' expression 
	binary_expression:  expression.'*' expression 
	binary_expression:  expression.'/' expression 
	binary_expression:  expression.'=' expression 
	binary_expression:  expression.'>' expression 
	binary_expression:  expression.'<' expression 
	binary_expression:  expression.AND expression 
	binary_expression:  expression.OR expression 
	binary_expression:  expression OR expression.    (41)

	'+'  shift 35
	'-'  shift 36
	'*'  shift 37
	'/'  shift 38
	.  reduce 41 (src line 205)


state 85
	function_application:  applicable_expression '(' application_arguments.')' 

	')'  shift 109
	.  error


state 86
	arguments:  arguments.',' argument 
	application_arguments:  arguments.    (61)

	','  shift 102
	.  reduce 61 (src line 303)


state 87
	key_access:  applicable_expression '.' IDENT.    (63)

	.  reduce 63 (src line 312)


state 88
	binary_expression:  expression.'+' expression 
	binary_expression:  expression.'-' expression 
	binary_expression:  expression.'*' expression 
	binary_expression:  expression.'/' expression 
	binary_expression:  expression.'=' expression 
	binary_expression:  expression.'>' expression 
	binary_expression:  expression.'<' expression 
	binary_expression:  expression.AND expression 
	binary_expression:  expression.OR expression 
	key_access:  applicable_expression '[' expression.']' 

	']'  shift 110
	'='  shift 39
	'<'  shift 41
	'>'  shift 40
	AND  shift 42
	OR  shift 43
	'+'  shift 35
	'-'  shift 36
	'*'  shift 37
	'/'  shift 38
	.  error


state 89
	applicable_expression:  '(' expression ')'.    (21)

	.  reduce 21 (src line 145)


state 90
	ident:  '(' '+' ')'.    (23)

	.  reduce 23 (src line 149)


state 91
	ident:  '(' '-' ')'.    (24)

	.  reduce 24 (src line 150)


state 92
	ident:  '(' '*' ')'.    (25)

	.  reduce 25 (src line 151)


state 93
	ident:  '(' '/' ')'.    (26)

	.  reduce 26 (src line 152)


state 94
	ident:  '(' '>' ')'.    (27)

	.  reduce 27 (src line 153)


state 95
	ident:  '(' '<' ')'.    (28)

	.  reduce 28 (src line 154)


state 96
	ident:  '(' '!' ')'.    (29)

	.  reduce 29 (src line 155)


state 97
	do_expression:  KW_DO expression_lines END.    (32)

	.  reduce 32 (src line 170)


state 98
	if_expression:  if_guard then_condition else_condition.    (66)

	.  reduce 66 (src line 332)


state 99
	else_condition:  KW_ELSE.expression 

	IDENT  shift 29
	INTEGER  shift 19
	TRUE  shift 5
	FALSE  shift 6
	FLOAT  shift 8
	SYMBOL  shift 18
	STRING  shift 7
	KW_DO  shift 26
	KW_CASE  shift 28
	KW_IF  shift 32
	'{'  shift 31
	'('  shift 25
	'['  shift 30
	'!'  shift 17
	'+'  shift 16
	'-'  shift 15
	.  error

	expression  goto 111
	applicable_expression  goto 11
	do_expression  goto 12
	ident  goto 20
	binary_expression  goto 9
	unary_expression  goto 10
	vector_literal  goto 21
	map_literal  goto 22
	function_application  goto 23
	key_access  goto 24
	if_expression  goto 13
	if_guard  goto 27
	case_expression  goto 14

state 100
	binary_expression:  expression.'+' expression 
	binary_expression:  expression.'-' expression 
	binary_expression:  expression.'*' expression 
	binary_expression:  expression.'/' expression 
	binary_expression:  expression.'=' expression 
	binary_expression:  expression.'>' expression 
	binary_expression:  expression.'<' expression 
	binary_expression:  expression.AND expression 
	binary_expression:  expression.OR expression 
	then_condition:  KW_THEN expression.    (68)

	'='  shift 39
	'<'  shift 41
	'>'  shift 40
	AND  shift 42
	OR  shift 43
	'+'  shift 35
	'-'  shift 36
	'*'  shift 37
	'/'  shift 38
	.  reduce 68 (src line 341)


state 101
	case_expression:  KW_CASE expression KW_OF.case_lines END 

	IDENT  shift 29
	INTEGER  shift 19
	TRUE  shift 5
	FALSE  shift 6
	FLOAT  shift 8
	SYMBOL  shift 18
	STRING  shift 7
	KW_DO  shift 26
	KW_CASE  shift 28
	KW_IF  shift 32
	'{'  shift 31
	'('  shift 25
	'['  shift 30
	'!'  shift 17
	'+'  shift 16
	'-'  shift 15
	.  error

	expression  goto 115
	applicable_expression  goto 11
	do_expression  goto 12
	ident  goto 20
	binary_expression  goto 9
	unary_expression  goto 10
	vector_literal  goto 21
	map_literal  goto 22
	function_application  goto 23
	key_access  goto 24
	if_expression  goto 13
	if_guard  goto 27
	case_expression  goto 14
	case_then_line  goto 114
	case_then_lines  goto 113
	case_lines  goto 112

state 102
	arguments:  arguments ','.argument 

	IDENT  shift 29
	INTEGER  shift 19
	TRUE  shift 5
	FALSE  shift 6
	FLOAT  shift 8
	SYMBOL  shift 18
	STRING  shift 7
	KW_DO  shift 26
	KW_CASE  shift 28
	KW_IF  shift 32
	'{'  shift 31
	'('  shift 25
	'['  shift 30
	'!'  shift 17
	'+'  shift 16
	'-'  shift 15
	'*'  shift 67
	.  error

	expression  goto 65
	applicable_expression  goto 11
	do_expression  goto 12
	ident  goto 20
	binary_expression  goto 9
	unary_expression  goto 10
	argument  goto 116
	splat_argument  goto 66
	vector_literal  goto 21
	map_literal  goto 22
	function_application  goto 23
	key_access  goto 24
	if_expression  goto 13
	if_guard  goto 27
	case_expression  goto 14

state 103
	vector_literal:  '[' arguments ']'.    (52)

	.  reduce 52 (src line 254)


state 104
	binary_expression:  expression.'+' expression 
	binary_expression:  expression.'-' expression 
	binary_expression:  expression.'*' expression 
	binary_expression:  expression.'/' expression 
	binary_expression:  expression.'=' expression 
	binary_expression:  expression.'>' expression 
	binary_expression:  expression.'<' expression 
	binary_expression:  expression.AND expression 
	binary_expression:  expression.OR expression 
	splat_argument:  '*' expression.    (50)

	'='  shift 39
	'<'  shift 41
	'>'  shift 40
	AND  shift 42
	OR  shift 43
	'+'  shift 35
	'-'  shift 36
	'*'  shift 37
	'/'  shift 38
	.  reduce 50 (src line 241)


state 105
	map_literal:  '{' associative_arguments '}'.    (54)

	.  reduce 54 (src line 267)


state 106
	associative_arguments:  associative_arguments ','.pair 

	IDENT  shift 29
	INTEGER  shift 19
	TRUE  shift 5
	FALSE  shift 6
	FLOAT  shift 8
	SYMBOL  shift 18
	STRING  shift 7
	KW_DO  shift 26
	KW_CASE  shift 28
	KW_IF  shift 32
	'{'  shift 31
	'('  shift 25
	'['  shift 30
	'.'  shift 73
	'!'  shift 17
	'+'  shift 16
	'-'  shift 15
	'*'  shift 67
	.  error

	expression  goto 72
	applicable_expression  goto 11
	do_expression  goto 12
	ident  goto 20
	binary_expression  goto 9
	unary_expression  goto 10
	splat_argument  goto 71
	pair  goto 117
	vector_literal  goto 21
	map_literal  goto 22
	function_application  goto 23
	key_access  goto 24
	if_expression  goto 13
	if_guard  goto 27
	case_expression  goto 14

state 107
	pair:  expression DOUBLE_ARROW.expression 

	IDENT  shift 29
	INTEGER  shift 19
	TRUE  shift 5
	FALSE  shift 6
	FLOAT  shift 8
	SYMBOL  shift 18
	STRING  shift 7
	KW_DO  shift 26
	KW_CASE  shift 28
	KW_IF  shift 32
	'{'  shift 31
	'('  shift 25
	'['  shift 30
	'!'  shift 17
	'+'  shift 16
	'-'  shift 15
	.  error

	expression  goto 118
	applicable_expression  goto 11
	do_expression  goto 12
	ident  goto 20
	binary_expression  goto 9
	unary_expression  goto 10
	vector_literal  goto 21
	map_literal  goto 22
	function_application  goto 23
	key_access  goto 24
	if_expression  goto 13
	if_guard  goto 27
	case_expression  goto 14

state 108
	pair:  '.' IDENT.    (57)

	.  reduce 57 (src line 278)


state 109
	function_application:  applicable_expression '(' application_arguments ')'.    (60)

	.  reduce 60 (src line 298)


state 110
	key_access:  applicable_expression '[' expression ']'.    (64)

	.  reduce 64 (src line 319)


state 111
	binary_expression:  expression.'+' expression 
	binary_expression:  expression.'-' expression 
	binary_expression:  expression.'*' expression 
	binary_expression:  expression.'/' expression 
	binary_expression:  expression.'=' expression 
	binary_expression:  expression.'>' expression 
	binary_expression:  expression.'<' expression 
	binary_expression:  expression.AND expression 
	binary_expression:  expression.OR expression 
	else_condition:  KW_ELSE expression.    (69)

	'='  shift 39
	'<'  shift 41
	'>'  shift 40
	AND  shift 42
	OR  shift 43
	'+'  shift 35
	'-'  shift 36
	'*'  shift 37
	'/'  shift 38
	.  reduce 69 (src line 346)


state 112
	case_expression:  KW_CASE expression KW_OF case_lines.END 

	END  shift 119
	.  error


state 113
	case_lines:  case_then_lines.    (71)
	case_lines:  case_then_lines.else_condition END 
	case_then_lines:  case_then_lines.case_then_line 

	IDENT  shift 29
	INTEGER  shift 19
	TRUE  shift 5
	FALSE  shift 6
	FLOAT  shift 8
	SYMBOL  shift 18
	STRING  shift 7
	KW_DO  shift 26
	KW_CASE  shift 28
	KW_IF  shift 32
	KW_ELSE  shift 99
	'{'  shift 31
	'('  shift 25
	'['  shift 30
	'!'  shift 17
	'+'  shift 16
	'-'  shift 15
	.  reduce 71 (src line 361)

	expression  goto 115
	applicable_expression  goto 11
	do_expression  goto 12
	ident  goto 20
	binary_expression  goto 9
	unary_expression  goto 10
	vector_literal  goto 21
	map_literal  goto 22
	function_application  goto 23
	key_access  goto 24
	if_expression  goto 13
	if_guard  goto 27
	else_condition  goto 120
	case_expression  goto 14
	case_then_line  goto 121

state 114
	case_then_lines:  case_then_line.    (74)

	.  reduce 74 (src line 372)


state 115
	binary_expression:  expression.'+' expression 
	binary_expression:  expression.'-' expression 
	binary_expression:  expression.'*' expression 
	binary_expression:  expression.'/' expression 
	binary_expression:  expression.'=' expression 
	binary_expression:  expression.'>' expression 
	binary_expression:  expression.'<' expression 
	binary_expression:  expression.AND expression 
	binary_expression:  expression.OR expression 
	case_then_line:  expression.KW_THEN expression END 

	KW_THEN  shift 122
	'='  shift 39
	'<'  shift 41
	'>'  shift 40
	AND  shift 42
	OR  shift 43
	'+'  shift 35
	'-'  shift 36
	'*'  shift 37
	'/'  shift 38
	.  error


state 116
	arguments:  arguments ',' argument.    (48)

	.  reduce 48 (src line 233)


state 117
	associative_arguments:  associative_arguments ',' pair.    (59)

	.  reduce 59 (src line 289)


state 118
	binary_expression:  expression.'+' expression 
	binary_expression:  expression.'-' expression 
	binary_expression:  expression.'*' expression 
	binary_expression:  expression.'/' expression 
	binary_expression:  expression.'=' expression 
	binary_expression:  expression.'>' expression 
	binary_expression:  expression.'<' expression 
	binary_expression:  expression.AND expression 
	binary_expression:  expression.OR expression 
	pair:  expression DOUBLE_ARROW expression.    (56)

	'='  shift 39
	'<'  shift 41
	'>'  shift 40
	AND  shift 42
	OR  shift 43
	'+'  shift 35
	'-'  shift 36
	'*'  shift 37
	'/'  shift 38
	.  reduce 56 (src line 275)


state 119
	case_expression:  KW_CASE expression KW_OF case_lines END.    (70)

	.  reduce 70 (src line 356)


state 120
	case_lines:  case_then_lines else_condition.END 

	END  shift 123
	.  error


state 121
	case_then_lines:  case_then_lines case_then_line.    (75)

	.  reduce 75 (src line 376)


state 122
	case_then_line:  expression KW_THEN.expression END 

	IDENT  shift 29
	INTEGER  shift 19
	TRUE  shift 5
	FALSE  shift 6
	FLOAT  shift 8
	SYMBOL  shift 18
	STRING  shift 7
	KW_DO  shift 26
	KW_CASE  shift 28
	KW_IF  shift 32
	'{'  shift 31
	'('  shift 25
	'['  shift 30
	'!'  shift 17
	'+'  shift 16
	'-'  shift 15
	.  error

	expression  goto 124
	applicable_expression  goto 11
	do_expression  goto 12
	ident  goto 20
	binary_expression  goto 9
	unary_expression  goto 10
	vector_literal  goto 21
	map_literal  goto 22
	function_application  goto 23
	key_access  goto 24
	if_expression  goto 13
	if_guard  goto 27
	case_expression  goto 14

state 123
	case_lines:  case_then_lines else_condition END.    (72)

	.  reduce 72 (src line 363)


state 124
	binary_expression:  expression.'+' expression 
	binary_expression:  expression.'-' expression 
	binary_expression:  expression.'*' expression 
	binary_expression:  expression.'/' expression 
	binary_expression:  expression.'=' expression 
	binary_expression:  expression.'>' expression 
	binary_expression:  expression.'<' expression 
	binary_expression:  expression.AND expression 
	binary_expression:  expression.OR expression 
	case_then_line:  expression KW_THEN expression.END 

	END  shift 125
	'='  shift 39
	'<'  shift 41
	'>'  shift 40
	AND  shift 42
	OR  shift 43
	'+'  shift 35
	'-'  shift 36
	'*'  shift 37
	'/'  shift 38
	.  error


state 125
	case_then_line:  expression KW_THEN expression END.    (73)

	.  reduce 73 (src line 367)


44 terminals, 28 nonterminals
76 grammar rules, 126/2000 states
0 shift/reduce, 0 reduce/reduce conflicts reported
77 working sets used
memory: parser 606/30000
94 extra closures
768 shift entries, 1 exceptions
67 goto entries
413 entries saved by goto default
Optimizer space used: output 523/30000
523 table entries, 141 zero
maximum spread: 43, maximum offset: 122
